<?xml version="1.0" encoding="UTF-8"?>
<testng-results skipped="0" failed="0" total="1" passed="1">
  <reporter-output>
  </reporter-output>
  <suite name="Default suite" duration-ms="13424" started-at="2017-09-07T02:47:35Z" finished-at="2017-09-07T02:47:49Z">
    <groups>
    </groups>
    <test name="Default test" duration-ms="13424" started-at="2017-09-07T02:47:35Z" finished-at="2017-09-07T02:47:49Z">
      <class name="TestScripts.Tc1_Login">
        <test-method status="PASS" signature="verifyOrangeHRM()[pri:0, instance:TestScripts.Tc1_Login@78c730]" name="verifyOrangeHRM" duration-ms="13406" started-at="2017-09-07T08:17:35Z" finished-at="2017-09-07T08:17:49Z">
          <reporter-output>
          </reporter-output>
        </test-method> <!-- verifyOrangeHRM -->
      </class> <!-- TestScripts.Tc1_Login -->
    </test> <!-- Default test -->
  </suite> <!-- Default suite -->
</testng-results>
